0 info it worked if it ends with ok
1 verbose cli [ 'C:\\Program Files\\nodejs\\node.exe',
1 verbose cli   'C:\\Program Files\\nodejs\\node_modules\\npm\\bin\\npm-cli.js',
1 verbose cli   'run',
1 verbose cli   'build-server' ]
2 info using npm@4.0.5
3 info using node@v7.4.0
4 verbose run-script [ 'prebuild-server', 'build-server', 'postbuild-server' ]
5 info lifecycle react-boilerplate@1.0.0~prebuild-server: react-boilerplate@1.0.0
6 silly lifecycle react-boilerplate@1.0.0~prebuild-server: no script for prebuild-server, continuing
7 info lifecycle react-boilerplate@1.0.0~build-server: react-boilerplate@1.0.0
8 verbose lifecycle react-boilerplate@1.0.0~build-server: unsafe-perm in lifecycle true
9 verbose lifecycle react-boilerplate@1.0.0~build-server: PATH: C:\Program Files\nodejs\node_modules\npm\bin\node-gyp-bin;D:\project\react\react-app\boiler-plate\react-boilerplate\node_modules\.bin;C:\Python27\;C:\Python27\Scripts;C:\ProgramData\Oracle\Java\javapath;C:\Program Files (x86)\Intel\iCLS Client\;C:\Program Files\Intel\iCLS Client\;C:\Program Files (x86)\NVIDIA Corporation\PhysX\Common;C:\WINDOWS\system32;C:\WINDOWS;C:\WINDOWS\System32\Wbem;C:\WINDOWS\System32\WindowsPowerShell\v1.0\;C:\Program Files\Intel\Intel(R) Management Engine Components\DAL;C:\Program Files\Intel\Intel(R) Management Engine Components\IPT;C:\Program Files (x86)\Intel\Intel(R) Management Engine Components\DAL;C:\Program Files (x86)\Intel\Intel(R) Management Engine Components\IPT;C:\Program Files\nodejs\;C:\Program Files\Git\cmd;C:\ProgramData\chocolatey\bin;C:\Users\yahya\AppData\Local\Android\Sdk;C:\Users\yahya\AppData\Local\Android\Sdk\platform-tools;C:\Program Files\Git\usr\bin;C:\Program Files\MongoDB\Server\3.4\bin;C:\Program Files\Java\jdk1.8.0_102\bin;C:\Program Files\MySQL\MySQL Utilities 1.6\;C:\Program Files\Microsoft SQL Server\Client SDK\ODBC\130\Tools\Binn\;C:\Program Files (x86)\Microsoft SQL Server\130\Tools\Binn\;C:\Program Files\Microsoft SQL Server\130\Tools\Binn\;C:\Program Files\Microsoft SQL Server\130\DTS\Binn\;C:\Program Files (x86)\Microsoft SQL Server\Client SDK\ODBC\130\Tools\Binn\;C:\Program Files (x86)\Microsoft SQL Server\140\Tools\Binn\;C:\Program Files (x86)\Microsoft SQL Server\140\DTS\Binn\;C:\Program Files (x86)\Microsoft SQL Server\140\Tools\Binn\ManagementStudio\;C:\Users\DBSS086\AppData\Roaming\npm\;C:\Program Files (x86)\QuickTime\QTSystem\;;C:\Users\yahya\AppData\Roaming\npm;C:\Program Files\Heroku\bin;C:\Users\yahya\AppData\Local\Microsoft\WindowsApps;C:\Program Files\Microsoft VS Code\bin
10 verbose lifecycle react-boilerplate@1.0.0~build-server: CWD: D:\project\react\react-app\boiler-plate\react-boilerplate
11 silly lifecycle react-boilerplate@1.0.0~build-server: Args: [ '/d /s /c', 'babel src/server -d dist' ]
12 silly lifecycle react-boilerplate@1.0.0~build-server: Returned: code: 1  signal: null
13 info lifecycle react-boilerplate@1.0.0~build-server: Failed to exec build-server script
14 verbose stack Error: react-boilerplate@1.0.0 build-server: `babel src/server -d dist`
14 verbose stack Exit status 1
14 verbose stack     at EventEmitter.<anonymous> (C:\Program Files\nodejs\node_modules\npm\lib\utils\lifecycle.js:279:16)
14 verbose stack     at emitTwo (events.js:106:13)
14 verbose stack     at EventEmitter.emit (events.js:191:7)
14 verbose stack     at ChildProcess.<anonymous> (C:\Program Files\nodejs\node_modules\npm\lib\utils\spawn.js:40:14)
14 verbose stack     at emitTwo (events.js:106:13)
14 verbose stack     at ChildProcess.emit (events.js:191:7)
14 verbose stack     at maybeClose (internal/child_process.js:885:16)
14 verbose stack     at Process.ChildProcess._handle.onexit (internal/child_process.js:226:5)
15 verbose pkgid react-boilerplate@1.0.0
16 verbose cwd D:\project\react\react-app\boiler-plate\react-boilerplate
17 error Windows_NT 10.0.16299
18 error argv "C:\\Program Files\\nodejs\\node.exe" "C:\\Program Files\\nodejs\\node_modules\\npm\\bin\\npm-cli.js" "run" "build-server"
19 error node v7.4.0
20 error npm  v4.0.5
21 error code ELIFECYCLE
22 error react-boilerplate@1.0.0 build-server: `babel src/server -d dist`
22 error Exit status 1
23 error Failed at the react-boilerplate@1.0.0 build-server script 'babel src/server -d dist'.
23 error Make sure you have the latest version of node.js and npm installed.
23 error If you do, this is most likely a problem with the react-boilerplate package,
23 error not with npm itself.
23 error Tell the author that this fails on your system:
23 error     babel src/server -d dist
23 error You can get information on how to open an issue for this project with:
23 error     npm bugs react-boilerplate
23 error Or if that isn't available, you can get their info via:
23 error     npm owner ls react-boilerplate
23 error There is likely additional logging output above.
24 verbose exit [ 1, true ]
